<?xml version="1.0" encoding="UTF-8"?>
<coverage generated="1684050136973" clover="3.2.0">
  <project timestamp="1684050136973" name="All files">
    <metrics statements="7" coveredstatements="7" conditionals="10" coveredconditionals="5" methods="4" coveredmethods="3" elements="21" coveredelements="15" complexity="0" loc="7" ncloc="7" packages="2" files="2" classes="2"/>
    <package name="TestingDemo">
      <metrics statements="6" coveredstatements="6" conditionals="10" coveredconditionals="5" methods="2" coveredmethods="2"/>
      <file name="App.tsx" path="/Users/karthik/Desktop/Projects/React-Native-Testing/TestingDemo/App.tsx">
        <metrics statements="6" coveredstatements="6" conditionals="10" coveredconditionals="5" methods="2" coveredmethods="2"/>
        <line num="33" count="4" type="stmt"/>
        <line num="34" count="4" type="stmt"/>
        <line num="59" count="1" type="stmt"/>
        <line num="61" count="1" type="stmt"/>
        <line num="65" count="1" type="stmt"/>
        <line num="99" count="1" type="stmt"/>
      </file>
    </package>
    <package name="TestingDemo.src.Form">
      <metrics statements="1" coveredstatements="1" conditionals="0" coveredconditionals="0" methods="2" coveredmethods="1"/>
      <file name="form.tsx" path="/Users/karthik/Desktop/Projects/React-Native-Testing/TestingDemo/src/Form/form.tsx">
        <metrics statements="1" coveredstatements="1" conditionals="0" coveredconditionals="0" methods="2" coveredmethods="1"/>
        <line num="6" count="2" type="stmt"/>
      </file>
    </package>
  </project>
</coverage>
